0 info it worked if it ends with ok
1 verbose cli [ '/usr/local/bin/node', '/usr/local/bin/npm', 'run', 'coverage' ]
2 info using npm@3.10.6
3 info using node@v6.3.1
4 verbose run-script [ 'precoverage', 'coverage', 'postcoverage' ]
5 info lifecycle quizzbuzz@1.0.0~precoverage: quizzbuzz@1.0.0
6 silly lifecycle quizzbuzz@1.0.0~precoverage: no script for precoverage, continuing
7 info lifecycle quizzbuzz@1.0.0~coverage: quizzbuzz@1.0.0
8 verbose lifecycle quizzbuzz@1.0.0~coverage: unsafe-perm in lifecycle true
9 verbose lifecycle quizzbuzz@1.0.0~coverage: PATH: /usr/local/lib/node_modules/npm/bin/node-gyp-bin:/Users/Sophie/GoogleDrive/Projects/quizzbuzz/node_modules/.bin:/Users/Sophie/.rvm/gems/ruby-2.3.1/bin:/Users/Sophie/.rvm/gems/ruby-2.3.1@global/bin:/Users/Sophie/.rvm/rubies/ruby-2.3.1/bin:/usr/local/bin:/usr/bin:/bin:/usr/sbin:/sbin:/Users/Sophie/.rvm/gems/ruby-2.3.1/bin:/Users/Sophie/.rvm/gems/ruby-2.3.1@global/bin:/Users/Sophie/.rvm/rubies/ruby-2.3.1/bin:/Users/Sophie/.rvm/bin:/Users/Sophie/.rvm/bin
10 verbose lifecycle quizzbuzz@1.0.0~coverage: CWD: /Users/Sophie/GoogleDrive/Projects/quizzbuzz
11 silly lifecycle quizzbuzz@1.0.0~coverage: Args: [ '-c',
11 silly lifecycle   'nyc mocha --compilers js:babel-register --require ./test/test_helper.js --recursive' ]
12 silly lifecycle quizzbuzz@1.0.0~coverage: Returned: code: 2  signal: null
13 info lifecycle quizzbuzz@1.0.0~coverage: Failed to exec coverage script
14 verbose stack Error: quizzbuzz@1.0.0 coverage: `nyc mocha --compilers js:babel-register --require ./test/test_helper.js --recursive`
14 verbose stack Exit status 2
14 verbose stack     at EventEmitter.<anonymous> (/usr/local/lib/node_modules/npm/lib/utils/lifecycle.js:255:16)
14 verbose stack     at emitTwo (events.js:106:13)
14 verbose stack     at EventEmitter.emit (events.js:191:7)
14 verbose stack     at ChildProcess.<anonymous> (/usr/local/lib/node_modules/npm/lib/utils/spawn.js:40:14)
14 verbose stack     at emitTwo (events.js:106:13)
14 verbose stack     at ChildProcess.emit (events.js:191:7)
14 verbose stack     at maybeClose (internal/child_process.js:852:16)
14 verbose stack     at Process.ChildProcess._handle.onexit (internal/child_process.js:215:5)
15 verbose pkgid quizzbuzz@1.0.0
16 verbose cwd /Users/Sophie/GoogleDrive/Projects/quizzbuzz
17 error Darwin 15.5.0
18 error argv "/usr/local/bin/node" "/usr/local/bin/npm" "run" "coverage"
19 error node v6.3.1
20 error npm  v3.10.6
21 error code ELIFECYCLE
22 error quizzbuzz@1.0.0 coverage: `nyc mocha --compilers js:babel-register --require ./test/test_helper.js --recursive`
22 error Exit status 2
23 error Failed at the quizzbuzz@1.0.0 coverage script 'nyc mocha --compilers js:babel-register --require ./test/test_helper.js --recursive'.
23 error Make sure you have the latest version of node.js and npm installed.
23 error If you do, this is most likely a problem with the quizzbuzz package,
23 error not with npm itself.
23 error Tell the author that this fails on your system:
23 error     nyc mocha --compilers js:babel-register --require ./test/test_helper.js --recursive
23 error You can get information on how to open an issue for this project with:
23 error     npm bugs quizzbuzz
23 error Or if that isn't available, you can get their info via:
23 error     npm owner ls quizzbuzz
23 error There is likely additional logging output above.
24 verbose exit [ 1, true ]
